[2016-11-11 17:30:32]  [文件:      dirOper.c]  [函数:      FindFileByType] [行数:  82]   操作：打开文件: /etc/polkit-1/localauthority 失败！ 错误信息： Permission denied
[2016-11-11 17:30:32]  [文件:      dirOper.c]  [函数:      FindFileByType] [行数: 101]   操作：配置文件个数超过预设的最大值!
[2016-11-11 17:30:32]  [文件:      dirOper.c]  [函数:      FindFileByType] [行数: 101]   操作：配置文件个数超过预设的最大值!
[2016-11-11 17:30:32]  [文件:      dirOper.c]  [函数:      FindFileByType] [行数:  82]   操作：打开文件: /etc/cups/ssl 失败！ 错误信息： Permission denied
[2016-11-11 17:30:32]  [文件:      dirOper.c]  [函数:      FindFileByType] [行数: 101]   操作：配置文件个数超过预设的最大值!
[2016-11-11 17:30:32]  [文件:      dirOper.c]  [函数:      FindFileByType] [行数:  82]   操作：打开文件: /etc/ssl/private 失败！ 错误信息： Permission denied
[2016-11-11 17:30:32]  [文件:      dirOper.c]  [函数:      FindFileByType] [行数: 101]   操作：配置文件个数超过预设的最大值!
[2016-11-11 17:30:32]  [文件:      dirOper.c]  [函数:      FindFileByType] [行数: 101]   操作：配置文件个数超过预设的最大值!
[2016-11-11 17:30:32]  [文件:      dirOper.c]  [函数:      FindFileByType] [行数: 101]   操作：配置文件个数超过预设的最大值!
[2016-11-11 17:30:32]  [文件:      dirOper.c]  [函数:      FindFileByType] [行数: 101]   操作：配置文件个数超过预设的最大值!
[2016-11-11 17:30:32]  [文件:      dirOper.c]  [函数:      FindFileByType] [行数: 101]   操作：配置文件个数超过预设的最大值!
[2016-11-11 17:30:32]  [文件:      dirOper.c]  [函数:      FindFileByType] [行数: 101]   操作：配置文件个数超过预设的最大值!
[2016-11-11 17:30:32]  [文件:      dirOper.c]  [函数:      FindFileByType] [行数: 101]   操作：配置文件个数超过预设的最大值!
[2016-11-11 17:30:32]  [文件:      dirOper.c]  [函数:      FindFileByType] [行数: 101]   操作：配置文件个数超过预设的最大值!
[2016-11-11 17:33:36]  [文件:      dirOper.c]  [函数:      FindFileByType] [行数:  82]   操作：打开文件: /etc/polkit-1/localauthority 失败！ 错误信息： Permission denied
[2016-11-11 17:33:36]  [文件:      dirOper.c]  [函数:      FindFileByType] [行数:  82]   操作：打开文件: /etc/cups/ssl 失败！ 错误信息： Permission denied
[2016-11-11 17:33:36]  [文件:      dirOper.c]  [函数:      FindFileByType] [行数:  82]   操作：打开文件: /etc/ssl/private 失败！ 错误信息： Permission denied
[2016-11-11 17:33:36]  [文件:      dirOper.c]  [函数:      FindFileByType] [行数: 101]   操作：配置文件个数超过预设的最大值!
[2016-11-11 17:33:36]  [文件:      dirOper.c]  [函数:      FindFileByType] [行数: 101]   操作：配置文件个数超过预设的最大值!
[2016-11-11 17:34:02]  [文件:      dirOper.c]  [函数:      FindFileByType] [行数:  82]   操作：打开文件: /etc/polkit-1/localauthority 失败！ 错误信息： Permission denied
[2016-11-11 17:34:02]  [文件:      dirOper.c]  [函数:      FindFileByType] [行数:  82]   操作：打开文件: /etc/cups/ssl 失败！ 错误信息： Permission denied
[2016-11-11 17:34:02]  [文件:      dirOper.c]  [函数:      FindFileByType] [行数:  82]   操作：打开文件: /etc/ssl/private 失败！ 错误信息： Permission denied
[2016-11-12 00:41:33]  [文件:      dirOper.c]  [函数:      FindFileByType] [行数:  82]   操作：打开文件: /etc/ssl/private 失败！ 错误信息： Permission denied
[2016-11-12 00:41:33]  [文件:      dirOper.c]  [函数:      FindFileByType] [行数:  82]   操作：打开文件: /etc/polkit-1/localauthority 失败！ 错误信息： Permission denied
[2016-11-12 00:41:33]  [文件:      dirOper.c]  [函数:      FindFileByType] [行数:  82]   操作：打开文件: /etc/cups/ssl 失败！ 错误信息： Permission denied
[2016-11-12 00:43:40]  [文件:      dirOper.c]  [函数:      FindFileByType] [行数:  98]   操作：打开文件: /etc/ssl/private 失败！ 错误信息： Permission denied
[2016-11-12 00:43:40]  [文件:      dirOper.c]  [函数:      FindFileByType] [行数:  98]   操作：打开文件: /etc/polkit-1/localauthority 失败！ 错误信息： Permission denied
[2016-11-12 00:43:40]  [文件:      dirOper.c]  [函数:      FindFileByType] [行数:  98]   操作：打开文件: /etc/cups/ssl 失败！ 错误信息： Permission denied
[2016-11-12 00:45:13]  [文件:      dirOper.c]  [函数:      FindFileByType] [行数:  99]   操作：打开文件: /etc/ssl/private 失败！ 错误信息： Permission denied
[2016-11-12 00:45:13]  [文件:      dirOper.c]  [函数:      FindFileByType] [行数:  99]   操作：打开文件: /etc/polkit-1/localauthority 失败！ 错误信息： Permission denied
[2016-11-12 00:45:13]  [文件:      dirOper.c]  [函数:      FindFileByType] [行数:  99]   操作：打开文件: /etc/cups/ssl 失败！ 错误信息： Permission denied
[2016-11-12 00:46:36]  [文件:      dirOper.c]  [函数:      FindFileByType] [行数:  99]   操作：打开文件: /etc/ssl/private 失败！ 错误信息： Permission denied
[2016-11-12 00:46:36]  [文件:      dirOper.c]  [函数:      FindFileByType] [行数:  99]   操作：打开文件: /etc/polkit-1/localauthority 失败！ 错误信息： Permission denied
[2016-11-12 00:46:36]  [文件:      dirOper.c]  [函数:      FindFileByType] [行数:  99]   操作：打开文件: /etc/cups/ssl 失败！ 错误信息： Permission denied
[2016-11-12 00:49:28]  [文件:      dirOper.c]  [函数:      FindFileByType] [行数:  99]   操作：打开文件: /etc/ssl/private 失败！ 错误信息： Permission denied
[2016-11-12 00:49:28]  [文件:      dirOper.c]  [函数:      FindFileByType] [行数:  99]   操作：打开文件: /etc/polkit-1/localauthority 失败！ 错误信息： Permission denied
[2016-11-12 00:49:28]  [文件:      dirOper.c]  [函数:      FindFileByType] [行数:  99]   操作：打开文件: /etc/cups/ssl 失败！ 错误信息： Permission denied
[2016-11-12 00:51:51]  [文件:      dirOper.c]  [函数:      FindFileByType] [行数: 100]   操作：打开文件: /etc/ssl/private 失败！ 错误信息： Permission denied
[2016-11-12 00:51:51]  [文件:      dirOper.c]  [函数:      FindFileByType] [行数: 100]   操作：打开文件: /etc/polkit-1/localauthority 失败！ 错误信息： Permission denied
[2016-11-12 00:51:51]  [文件:      dirOper.c]  [函数:      FindFileByType] [行数: 100]   操作：打开文件: /etc/cups/ssl 失败！ 错误信息： Permission denied
[2016-11-12 00:54:22]  [文件:      dirOper.c]  [函数:      FindFileByType] [行数:  85]   操作：打开文件: /etc/ssl/private 失败！ 错误信息： Permission denied
[2016-11-12 00:54:22]  [文件:      dirOper.c]  [函数:      FindFileByType] [行数:  85]   操作：打开文件: /etc/polkit-1/localauthority 失败！ 错误信息： Permission denied
[2016-11-12 00:54:22]  [文件:      dirOper.c]  [函数:      FindFileByType] [行数:  85]   操作：打开文件: /etc/cups/ssl 失败！ 错误信息： Permission denied
[2016-11-12 01:42:43]  [文件:      dirOper.c]  [函数:      FindFileByType] [行数: 104]   操作：配置文件个数超过预设的最大值!
[2016-11-12 01:42:43]  [文件:      dirOper.c]  [函数:      FindFileByType] [行数: 104]   操作：配置文件个数超过预设的最大值!
[2016-11-12 01:43:12]  [文件:      dirOper.c]  [函数:      FindFileByType] [行数: 104]   操作：配置文件个数超过预设的最大值!
[2016-11-12 01:43:12]  [文件:      dirOper.c]  [函数:      FindFileByType] [行数: 104]   操作：配置文件个数超过预设的最大值!
[2016-11-12 01:43:55]  [文件:      dirOper.c]  [函数:      FindFileByType] [行数: 104]   操作：配置文件个数超过预设的最大值!
[2016-11-12 01:43:55]  [文件:      dirOper.c]  [函数:      FindFileByType] [行数: 104]   操作：配置文件个数超过预设的最大值!
[2016-11-12 01:44:07]  [文件:      dirOper.c]  [函数:      FindFileByType] [行数: 104]   操作：配置文件个数超过预设的最大值!
[2016-11-12 01:44:07]  [文件:      dirOper.c]  [函数:      FindFileByType] [行数: 104]   操作：配置文件个数超过预设的最大值!
[2016-11-12 01:47:55]  [文件:      dirOper.c]  [函数:      FindFileByType] [行数: 104]   操作：配置文件个数超过预设的最大值!
[2016-11-12 01:47:55]  [文件:      dirOper.c]  [函数:      FindFileByType] [行数: 104]   操作：配置文件个数超过预设的最大值!
[2016-11-12 01:48:24]  [文件:      dirOper.c]  [函数:      FindFileByType] [行数: 104]   操作：配置文件个数超过预设的最大值!
[2016-11-12 01:48:24]  [文件:      dirOper.c]  [函数:      FindFileByType] [行数: 104]   操作：配置文件个数超过预设的最大值!
[2016-11-12 01:49:47]  [文件:      dirOper.c]  [函数:      FindFileByType] [行数: 104]   操作：配置文件个数超过预设的最大值!
[2016-11-12 01:49:47]  [文件:      dirOper.c]  [函数:      FindFileByType] [行数: 104]   操作：配置文件个数超过预设的最大值!
[2016-11-12 01:51:51]  [文件:      dirOper.c]  [函数:      FindFileByType] [行数: 104]   操作：配置文件个数超过预设的最大值!
[2016-11-12 01:51:51]  [文件:      dirOper.c]  [函数:      FindFileByType] [行数: 104]   操作：配置文件个数超过预设的最大值!
[2016-11-12 01:52:13]  [文件:      dirOper.c]  [函数:      FindFileByType] [行数: 104]   操作：配置文件个数超过预设的最大值!
[2016-11-12 01:52:13]  [文件:      dirOper.c]  [函数:      FindFileByType] [行数: 104]   操作：配置文件个数超过预设的最大值!
[2016-11-12 01:55:07]  [文件:      dirOper.c]  [函数:      FindFileByType] [行数: 104]   操作：配置文件个数超过预设的最大值!
[2016-11-12 01:55:07]  [文件:      dirOper.c]  [函数:      FindFileByType] [行数: 104]   操作：配置文件个数超过预设的最大值!
[2016-11-12 01:55:59]  [文件:      dirOper.c]  [函数:      FindFileByType] [行数: 104]   操作：配置文件个数超过预设的最大值!
[2016-11-12 01:56:17]  [文件:      dirOper.c]  [函数:      FindFileByType] [行数: 104]   操作：配置文件个数超过预设的最大值!
[2016-11-12 01:57:45]  [文件:      dirOper.c]  [函数:      FindFileByType] [行数: 104]   操作：配置文件个数超过预设的最大值!
[2016-11-12 01:57:45]  [文件:      dirOper.c]  [函数:      FindFileByType] [行数: 104]   操作：配置文件个数超过预设的最大值!
[2016-11-12 01:58:35]  [文件:      dirOper.c]  [函数:      FindFileByType] [行数: 104]   操作：配置文件个数超过预设的最大值!
[2016-11-12 01:58:35]  [文件:      dirOper.c]  [函数:      FindFileByType] [行数: 104]   操作：配置文件个数超过预设的最大值!
[2016-11-12 02:01:34]  [文件:      dirOper.c]  [函数:      FindFileByType] [行数: 104]   操作：配置文件个数超过预设的最大值!
[2016-11-12 02:01:34]  [文件:      dirOper.c]  [函数:      FindFileByType] [行数: 104]   操作：配置文件个数超过预设的最大值!
[2016-11-12 02:01:45]  [文件:      dirOper.c]  [函数:      FindFileByType] [行数: 104]   操作：配置文件个数超过预设的最大值!
[2016-11-12 02:01:45]  [文件:      dirOper.c]  [函数:      FindFileByType] [行数: 104]   操作：配置文件个数超过预设的最大值!
[2016-11-12 02:01:45]  [文件:     fileOper.c]  [函数:            ReadLine] [行数:  56]   操作：配置文件的一行数据大小超过预设大小!
[2016-11-12 02:01:45]  [文件:     fileOper.c]  [函数:            ReadLine] [行数:  56]   操作：配置文件的一行数据大小超过预设大小!
[2016-11-12 02:01:45]  [文件:     fileOper.c]  [函数:            ReadLine] [行数:  56]   操作：配置文件的一行数据大小超过预设大小!
[2016-11-12 02:01:45]  [文件:     fileOper.c]  [函数:            ReadLine] [行数:  56]   操作：配置文件的一行数据大小超过预设大小!
[2016-11-12 02:01:45]  [文件:     fileOper.c]  [函数:            ReadLine] [行数:  56]   操作：配置文件的一行数据大小超过预设大小!
[2016-11-12 02:01:45]  [文件:     fileOper.c]  [函数:            ReadLine] [行数:  56]   操作：配置文件的一行数据大小超过预设大小!
[2016-11-12 02:01:45]  [文件:     fileOper.c]  [函数:            ReadLine] [行数:  56]   操作：配置文件的一行数据大小超过预设大小!
[2016-11-12 02:01:45]  [文件:     fileOper.c]  [函数:            ReadLine] [行数:  56]   操作：配置文件的一行数据大小超过预设大小!
[2016-11-12 02:01:45]  [文件:     fileOper.c]  [函数:            ReadLine] [行数:  56]   操作：配置文件的一行数据大小超过预设大小!
[2016-11-12 02:01:45]  [文件:     fileOper.c]  [函数:            ReadLine] [行数:  56]   操作：配置文件的一行数据大小超过预设大小!
[2016-11-12 02:01:45]  [文件:     fileOper.c]  [函数:            ReadLine] [行数:  56]   操作：配置文件的一行数据大小超过预设大小!
[2016-11-12 02:01:45]  [文件:     fileOper.c]  [函数:            ReadLine] [行数:  56]   操作：配置文件的一行数据大小超过预设大小!
[2016-11-12 02:01:45]  [文件:     fileOper.c]  [函数:            ReadLine] [行数:  56]   操作：配置文件的一行数据大小超过预设大小!
[2016-11-12 02:01:45]  [文件:     fileOper.c]  [函数:            ReadLine] [行数:  56]   操作：配置文件的一行数据大小超过预设大小!
[2016-11-12 02:01:45]  [文件:     fileOper.c]  [函数:            ReadLine] [行数:  56]   操作：配置文件的一行数据大小超过预设大小!
[2016-11-12 02:01:45]  [文件:     fileOper.c]  [函数:            ReadLine] [行数:  56]   操作：配置文件的一行数据大小超过预设大小!
[2016-11-12 02:01:45]  [文件:     fileOper.c]  [函数:            ReadLine] [行数:  56]   操作：配置文件的一行数据大小超过预设大小!
[2016-11-12 02:01:45]  [文件:     fileOper.c]  [函数:            ReadLine] [行数:  56]   操作：配置文件的一行数据大小超过预设大小!
[2016-11-12 02:01:45]  [文件:     fileOper.c]  [函数:            ReadLine] [行数:  56]   操作：配置文件的一行数据大小超过预设大小!
[2016-11-12 02:01:45]  [文件:     fileOper.c]  [函数:            ReadLine] [行数:  56]   操作：配置文件的一行数据大小超过预设大小!
[2016-11-12 02:01:45]  [文件:     fileOper.c]  [函数:            ReadLine] [行数:  56]   操作：配置文件的一行数据大小超过预设大小!
[2016-11-12 02:01:45]  [文件:     fileOper.c]  [函数:            ReadLine] [行数:  56]   操作：配置文件的一行数据大小超过预设大小!
[2016-11-12 02:01:45]  [文件:     fileOper.c]  [函数:            ReadLine] [行数:  56]   操作：配置文件的一行数据大小超过预设大小!
[2016-11-12 02:01:45]  [文件:     fileOper.c]  [函数:            ReadLine] [行数:  56]   操作：配置文件的一行数据大小超过预设大小!
[2016-11-12 02:01:45]  [文件:     fileOper.c]  [函数:            ReadLine] [行数:  56]   操作：配置文件的一行数据大小超过预设大小!
[2016-11-12 02:01:45]  [文件:     fileOper.c]  [函数:            ReadLine] [行数:  56]   操作：配置文件的一行数据大小超过预设大小!
[2016-11-12 02:01:45]  [文件:     fileOper.c]  [函数:            ReadLine] [行数:  56]   操作：配置文件的一行数据大小超过预设大小!
[2016-11-12 02:01:45]  [文件:     fileOper.c]  [函数:            ReadLine] [行数:  56]   操作：配置文件的一行数据大小超过预设大小!
[2016-11-12 02:01:45]  [文件:     fileOper.c]  [函数:            ReadLine] [行数:  56]   操作：配置文件的一行数据大小超过预设大小!
[2016-11-12 02:01:45]  [文件:     fileOper.c]  [函数:            ReadLine] [行数:  56]   操作：配置文件的一行数据大小超过预设大小!
[2016-11-12 02:01:45]  [文件:     fileOper.c]  [函数:            ReadLine] [行数:  56]   操作：配置文件的一行数据大小超过预设大小!
[2016-11-12 02:01:45]  [文件:     fileOper.c]  [函数:            ReadLine] [行数:  56]   操作：配置文件的一行数据大小超过预设大小!
[2016-11-12 02:01:45]  [文件:     fileOper.c]  [函数:            ReadLine] [行数:  56]   操作：配置文件的一行数据大小超过预设大小!
[2016-11-12 02:01:45]  [文件:     fileOper.c]  [函数:            ReadLine] [行数:  56]   操作：配置文件的一行数据大小超过预设大小!
[2016-11-12 02:01:45]  [文件:     fileOper.c]  [函数:            ReadLine] [行数:  56]   操作：配置文件的一行数据大小超过预设大小!
[2016-11-12 02:01:45]  [文件:     fileOper.c]  [函数:            ReadLine] [行数:  56]   操作：配置文件的一行数据大小超过预设大小!
[2016-11-12 02:01:45]  [文件:     fileOper.c]  [函数:            ReadLine] [行数:  56]   操作：配置文件的一行数据大小超过预设大小!
[2016-11-12 02:02:33]  [文件:      dirOper.c]  [函数:      FindFileByType] [行数: 104]   操作：配置文件个数超过预设的最大值!
[2016-11-12 02:02:33]  [文件:      dirOper.c]  [函数:      FindFileByType] [行数: 104]   操作：配置文件个数超过预设的最大值!
[2016-11-12 02:03:28]  [文件:      dirOper.c]  [函数:      FindFileByType] [行数: 104]   操作：配置文件个数超过预设的最大值!
[2016-11-12 02:03:28]  [文件:      dirOper.c]  [函数:      FindFileByType] [行数: 104]   操作：配置文件个数超过预设的最大值!
[2016-11-12 02:03:28]  [文件:     fileOper.c]  [函数:            ReadLine] [行数:  56]   操作：配置文件的一行数据大小超过预设大小!
[2016-11-12 02:03:28]  [文件:     fileOper.c]  [函数:            ReadLine] [行数:  56]   操作：配置文件的一行数据大小超过预设大小!
[2016-11-12 02:03:28]  [文件:     fileOper.c]  [函数:            ReadLine] [行数:  56]   操作：配置文件的一行数据大小超过预设大小!
[2016-11-12 02:03:28]  [文件:     fileOper.c]  [函数:            ReadLine] [行数:  56]   操作：配置文件的一行数据大小超过预设大小!
[2016-11-12 02:03:28]  [文件:     fileOper.c]  [函数:            ReadLine] [行数:  56]   操作：配置文件的一行数据大小超过预设大小!
[2016-11-12 02:03:28]  [文件:     fileOper.c]  [函数:            ReadLine] [行数:  56]   操作：配置文件的一行数据大小超过预设大小!
[2016-11-12 02:03:28]  [文件:     fileOper.c]  [函数:            ReadLine] [行数:  56]   操作：配置文件的一行数据大小超过预设大小!
[2016-11-12 02:03:28]  [文件:     fileOper.c]  [函数:            ReadLine] [行数:  56]   操作：配置文件的一行数据大小超过预设大小!
[2016-11-12 02:03:28]  [文件:     fileOper.c]  [函数:            ReadLine] [行数:  56]   操作：配置文件的一行数据大小超过预设大小!
[2016-11-12 02:03:28]  [文件:     fileOper.c]  [函数:            ReadLine] [行数:  56]   操作：配置文件的一行数据大小超过预设大小!
[2016-11-12 02:03:28]  [文件:     fileOper.c]  [函数:            ReadLine] [行数:  56]   操作：配置文件的一行数据大小超过预设大小!
[2016-11-12 02:03:28]  [文件:     fileOper.c]  [函数:            ReadLine] [行数:  56]   操作：配置文件的一行数据大小超过预设大小!
[2016-11-12 02:03:28]  [文件:     fileOper.c]  [函数:            ReadLine] [行数:  56]   操作：配置文件的一行数据大小超过预设大小!
[2016-11-12 02:03:28]  [文件:     fileOper.c]  [函数:            ReadLine] [行数:  56]   操作：配置文件的一行数据大小超过预设大小!
[2016-11-12 02:03:28]  [文件:     fileOper.c]  [函数:            ReadLine] [行数:  56]   操作：配置文件的一行数据大小超过预设大小!
[2016-11-12 02:03:28]  [文件:     fileOper.c]  [函数:            ReadLine] [行数:  56]   操作：配置文件的一行数据大小超过预设大小!
[2016-11-12 02:03:28]  [文件:     fileOper.c]  [函数:            ReadLine] [行数:  56]   操作：配置文件的一行数据大小超过预设大小!
[2016-11-12 02:03:28]  [文件:     fileOper.c]  [函数:            ReadLine] [行数:  56]   操作：配置文件的一行数据大小超过预设大小!
[2016-11-12 02:03:28]  [文件:     fileOper.c]  [函数:            ReadLine] [行数:  56]   操作：配置文件的一行数据大小超过预设大小!
[2016-11-12 02:03:28]  [文件:     fileOper.c]  [函数:            ReadLine] [行数:  56]   操作：配置文件的一行数据大小超过预设大小!
[2016-11-12 02:03:28]  [文件:     fileOper.c]  [函数:            ReadLine] [行数:  56]   操作：配置文件的一行数据大小超过预设大小!
[2016-11-12 02:03:28]  [文件:     fileOper.c]  [函数:            ReadLine] [行数:  56]   操作：配置文件的一行数据大小超过预设大小!
[2016-11-12 02:03:28]  [文件:     fileOper.c]  [函数:            ReadLine] [行数:  56]   操作：配置文件的一行数据大小超过预设大小!
[2016-11-12 02:03:28]  [文件:     fileOper.c]  [函数:            ReadLine] [行数:  56]   操作：配置文件的一行数据大小超过预设大小!
[2016-11-12 02:03:28]  [文件:     fileOper.c]  [函数:            ReadLine] [行数:  56]   操作：配置文件的一行数据大小超过预设大小!
[2016-11-12 02:03:28]  [文件:     fileOper.c]  [函数:            ReadLine] [行数:  56]   操作：配置文件的一行数据大小超过预设大小!
[2016-11-12 02:03:28]  [文件:     fileOper.c]  [函数:            ReadLine] [行数:  56]   操作：配置文件的一行数据大小超过预设大小!
[2016-11-12 02:03:28]  [文件:     fileOper.c]  [函数:            ReadLine] [行数:  56]   操作：配置文件的一行数据大小超过预设大小!
[2016-11-12 02:03:28]  [文件:     fileOper.c]  [函数:            ReadLine] [行数:  56]   操作：配置文件的一行数据大小超过预设大小!
[2016-11-12 02:03:28]  [文件:     fileOper.c]  [函数:            ReadLine] [行数:  56]   操作：配置文件的一行数据大小超过预设大小!
[2016-11-12 02:03:28]  [文件:     fileOper.c]  [函数:            ReadLine] [行数:  56]   操作：配置文件的一行数据大小超过预设大小!
[2016-11-12 02:03:28]  [文件:     fileOper.c]  [函数:            ReadLine] [行数:  56]   操作：配置文件的一行数据大小超过预设大小!
[2016-11-12 02:03:28]  [文件:     fileOper.c]  [函数:            ReadLine] [行数:  56]   操作：配置文件的一行数据大小超过预设大小!
[2016-11-12 02:03:28]  [文件:     fileOper.c]  [函数:            ReadLine] [行数:  56]   操作：配置文件的一行数据大小超过预设大小!
[2016-11-12 02:03:28]  [文件:     fileOper.c]  [函数:            ReadLine] [行数:  56]   操作：配置文件的一行数据大小超过预设大小!
[2016-11-12 02:03:28]  [文件:     fileOper.c]  [函数:            ReadLine] [行数:  56]   操作：配置文件的一行数据大小超过预设大小!
[2016-11-12 02:03:28]  [文件:     fileOper.c]  [函数:            ReadLine] [行数:  56]   操作：配置文件的一行数据大小超过预设大小!
[2016-11-12 02:04:48]  [文件:      dirOper.c]  [函数:      FindFileByType] [行数: 104]   操作：配置文件个数超过预设的最大值!
[2016-11-12 02:04:54]  [文件:      dirOper.c]  [函数:      FindFileByType] [行数: 104]   操作：配置文件个数超过预设的最大值!
[2016-11-12 02:07:04]  [文件:      dirOper.c]  [函数:      FindFileByType] [行数: 104]   操作：配置文件个数超过预设的最大值!
[2016-11-12 02:07:04]  [文件:      dirOper.c]  [函数:      FindFileByType] [行数: 104]   操作：配置文件个数超过预设的最大值!
[2016-11-12 02:08:38]  [文件:      dirOper.c]  [函数:      FindFileByType] [行数: 104]   操作：配置文件个数超过预设的最大值!
[2016-11-12 02:08:38]  [文件:      dirOper.c]  [函数:      FindFileByType] [行数: 104]   操作：配置文件个数超过预设的最大值!
[2016-11-12 02:08:38]  [文件:     fileOper.c]  [函数:            ReadLine] [行数:  56]   操作：配置文件的一行数据大小超过预设大小!
[2016-11-12 02:08:38]  [文件:     fileOper.c]  [函数:            ReadLine] [行数:  56]   操作：配置文件的一行数据大小超过预设大小!
[2016-11-12 02:08:38]  [文件:     fileOper.c]  [函数:            ReadLine] [行数:  56]   操作：配置文件的一行数据大小超过预设大小!
[2016-11-12 02:08:38]  [文件:     fileOper.c]  [函数:            ReadLine] [行数:  56]   操作：配置文件的一行数据大小超过预设大小!
[2016-11-12 02:08:38]  [文件:     fileOper.c]  [函数:            ReadLine] [行数:  56]   操作：配置文件的一行数据大小超过预设大小!
[2016-11-12 02:08:38]  [文件:     fileOper.c]  [函数:            ReadLine] [行数:  56]   操作：配置文件的一行数据大小超过预设大小!
[2016-11-12 02:08:38]  [文件:     fileOper.c]  [函数:            ReadLine] [行数:  56]   操作：配置文件的一行数据大小超过预设大小!
[2016-11-12 02:08:38]  [文件:     fileOper.c]  [函数:            ReadLine] [行数:  56]   操作：配置文件的一行数据大小超过预设大小!
[2016-11-12 02:08:38]  [文件:     fileOper.c]  [函数:            ReadLine] [行数:  56]   操作：配置文件的一行数据大小超过预设大小!
[2016-11-12 02:08:38]  [文件:     fileOper.c]  [函数:            ReadLine] [行数:  56]   操作：配置文件的一行数据大小超过预设大小!
[2016-11-12 02:08:38]  [文件:     fileOper.c]  [函数:            ReadLine] [行数:  56]   操作：配置文件的一行数据大小超过预设大小!
[2016-11-12 02:08:38]  [文件:     fileOper.c]  [函数:            ReadLine] [行数:  56]   操作：配置文件的一行数据大小超过预设大小!
[2016-11-12 02:08:38]  [文件:     fileOper.c]  [函数:            ReadLine] [行数:  56]   操作：配置文件的一行数据大小超过预设大小!
[2016-11-12 02:08:38]  [文件:     fileOper.c]  [函数:            ReadLine] [行数:  56]   操作：配置文件的一行数据大小超过预设大小!
[2016-11-12 02:08:38]  [文件:     fileOper.c]  [函数:            ReadLine] [行数:  56]   操作：配置文件的一行数据大小超过预设大小!
[2016-11-12 02:08:38]  [文件:     fileOper.c]  [函数:            ReadLine] [行数:  56]   操作：配置文件的一行数据大小超过预设大小!
[2016-11-12 02:08:38]  [文件:     fileOper.c]  [函数:            ReadLine] [行数:  56]   操作：配置文件的一行数据大小超过预设大小!
[2016-11-12 02:08:38]  [文件:     fileOper.c]  [函数:            ReadLine] [行数:  56]   操作：配置文件的一行数据大小超过预设大小!
[2016-11-12 02:08:38]  [文件:     fileOper.c]  [函数:            ReadLine] [行数:  56]   操作：配置文件的一行数据大小超过预设大小!
[2016-11-12 02:08:38]  [文件:     fileOper.c]  [函数:            ReadLine] [行数:  56]   操作：配置文件的一行数据大小超过预设大小!
[2016-11-12 02:08:38]  [文件:     fileOper.c]  [函数:            ReadLine] [行数:  56]   操作：配置文件的一行数据大小超过预设大小!
[2016-11-12 02:08:38]  [文件:     fileOper.c]  [函数:            ReadLine] [行数:  56]   操作：配置文件的一行数据大小超过预设大小!
[2016-11-12 02:08:38]  [文件:     fileOper.c]  [函数:            ReadLine] [行数:  56]   操作：配置文件的一行数据大小超过预设大小!
[2016-11-12 02:08:38]  [文件:     fileOper.c]  [函数:            ReadLine] [行数:  56]   操作：配置文件的一行数据大小超过预设大小!
[2016-11-12 02:08:38]  [文件:     fileOper.c]  [函数:            ReadLine] [行数:  56]   操作：配置文件的一行数据大小超过预设大小!
[2016-11-12 02:08:38]  [文件:     fileOper.c]  [函数:            ReadLine] [行数:  56]   操作：配置文件的一行数据大小超过预设大小!
[2016-11-12 02:08:38]  [文件:     fileOper.c]  [函数:            ReadLine] [行数:  56]   操作：配置文件的一行数据大小超过预设大小!
[2016-11-12 02:08:38]  [文件:     fileOper.c]  [函数:            ReadLine] [行数:  56]   操作：配置文件的一行数据大小超过预设大小!
[2016-11-12 02:08:38]  [文件:     fileOper.c]  [函数:            ReadLine] [行数:  56]   操作：配置文件的一行数据大小超过预设大小!
[2016-11-12 02:08:38]  [文件:     fileOper.c]  [函数:            ReadLine] [行数:  56]   操作：配置文件的一行数据大小超过预设大小!
[2016-11-12 02:08:38]  [文件:     fileOper.c]  [函数:            ReadLine] [行数:  56]   操作：配置文件的一行数据大小超过预设大小!
[2016-11-12 02:08:38]  [文件:     fileOper.c]  [函数:            ReadLine] [行数:  56]   操作：配置文件的一行数据大小超过预设大小!
[2016-11-12 02:08:38]  [文件:     fileOper.c]  [函数:            ReadLine] [行数:  56]   操作：配置文件的一行数据大小超过预设大小!
[2016-11-12 02:08:38]  [文件:     fileOper.c]  [函数:            ReadLine] [行数:  56]   操作：配置文件的一行数据大小超过预设大小!
[2016-11-12 02:08:38]  [文件:     fileOper.c]  [函数:            ReadLine] [行数:  56]   操作：配置文件的一行数据大小超过预设大小!
[2016-11-12 02:08:38]  [文件:     fileOper.c]  [函数:            ReadLine] [行数:  56]   操作：配置文件的一行数据大小超过预设大小!
[2016-11-12 02:08:38]  [文件:     fileOper.c]  [函数:            ReadLine] [行数:  56]   操作：配置文件的一行数据大小超过预设大小!
[2016-11-12 02:08:58]  [文件:      dirOper.c]  [函数:      FindFileByType] [行数: 104]   操作：配置文件个数超过预设的最大值!
[2016-11-12 02:08:58]  [文件:      dirOper.c]  [函数:      FindFileByType] [行数: 104]   操作：配置文件个数超过预设的最大值!
[2016-11-12 02:12:08]  [文件:      dirOper.c]  [函数:      FindFileByType] [行数: 104]   操作：配置文件个数超过预设的最大值!
[2016-11-12 02:12:08]  [文件:      dirOper.c]  [函数:      FindFileByType] [行数: 104]   操作：配置文件个数超过预设的最大值!
[2016-11-12 02:12:08]  [文件:     fileOper.c]  [函数:            ReadLine] [行数:  56]   操作：配置文件的一行数据大小超过预设大小!
[2016-11-12 02:12:08]  [文件:     fileOper.c]  [函数:            ReadLine] [行数:  56]   操作：配置文件的一行数据大小超过预设大小!
[2016-11-12 02:12:08]  [文件:     fileOper.c]  [函数:            ReadLine] [行数:  56]   操作：配置文件的一行数据大小超过预设大小!
[2016-11-12 02:12:08]  [文件:     fileOper.c]  [函数:            ReadLine] [行数:  56]   操作：配置文件的一行数据大小超过预设大小!
[2016-11-12 02:12:08]  [文件:     fileOper.c]  [函数:            ReadLine] [行数:  56]   操作：配置文件的一行数据大小超过预设大小!
[2016-11-12 02:12:08]  [文件:     fileOper.c]  [函数:            ReadLine] [行数:  56]   操作：配置文件的一行数据大小超过预设大小!
[2016-11-12 02:12:08]  [文件:     fileOper.c]  [函数:            ReadLine] [行数:  56]   操作：配置文件的一行数据大小超过预设大小!
[2016-11-12 02:12:08]  [文件:     fileOper.c]  [函数:            ReadLine] [行数:  56]   操作：配置文件的一行数据大小超过预设大小!
[2016-11-12 02:12:08]  [文件:     fileOper.c]  [函数:            ReadLine] [行数:  56]   操作：配置文件的一行数据大小超过预设大小!
[2016-11-12 02:12:08]  [文件:     fileOper.c]  [函数:            ReadLine] [行数:  56]   操作：配置文件的一行数据大小超过预设大小!
[2016-11-12 02:12:08]  [文件:     fileOper.c]  [函数:            ReadLine] [行数:  56]   操作：配置文件的一行数据大小超过预设大小!
[2016-11-12 02:12:08]  [文件:     fileOper.c]  [函数:            ReadLine] [行数:  56]   操作：配置文件的一行数据大小超过预设大小!
[2016-11-12 02:12:08]  [文件:     fileOper.c]  [函数:            ReadLine] [行数:  56]   操作：配置文件的一行数据大小超过预设大小!
[2016-11-12 02:12:08]  [文件:     fileOper.c]  [函数:            ReadLine] [行数:  56]   操作：配置文件的一行数据大小超过预设大小!
[2016-11-12 02:12:08]  [文件:     fileOper.c]  [函数:            ReadLine] [行数:  56]   操作：配置文件的一行数据大小超过预设大小!
[2016-11-12 02:12:08]  [文件:     fileOper.c]  [函数:            ReadLine] [行数:  56]   操作：配置文件的一行数据大小超过预设大小!
[2016-11-12 02:12:08]  [文件:     fileOper.c]  [函数:            ReadLine] [行数:  56]   操作：配置文件的一行数据大小超过预设大小!
[2016-11-12 02:12:08]  [文件:     fileOper.c]  [函数:            ReadLine] [行数:  56]   操作：配置文件的一行数据大小超过预设大小!
[2016-11-12 02:12:08]  [文件:     fileOper.c]  [函数:            ReadLine] [行数:  56]   操作：配置文件的一行数据大小超过预设大小!
[2016-11-12 02:12:08]  [文件:     fileOper.c]  [函数:            ReadLine] [行数:  56]   操作：配置文件的一行数据大小超过预设大小!
[2016-11-12 02:12:08]  [文件:     fileOper.c]  [函数:            ReadLine] [行数:  56]   操作：配置文件的一行数据大小超过预设大小!
[2016-11-12 02:12:08]  [文件:     fileOper.c]  [函数:            ReadLine] [行数:  56]   操作：配置文件的一行数据大小超过预设大小!
[2016-11-12 02:12:08]  [文件:     fileOper.c]  [函数:            ReadLine] [行数:  56]   操作：配置文件的一行数据大小超过预设大小!
[2016-11-12 02:12:08]  [文件:     fileOper.c]  [函数:            ReadLine] [行数:  56]   操作：配置文件的一行数据大小超过预设大小!
[2016-11-12 02:12:08]  [文件:     fileOper.c]  [函数:            ReadLine] [行数:  56]   操作：配置文件的一行数据大小超过预设大小!
[2016-11-12 02:12:08]  [文件:     fileOper.c]  [函数:            ReadLine] [行数:  56]   操作：配置文件的一行数据大小超过预设大小!
[2016-11-12 02:12:08]  [文件:     fileOper.c]  [函数:            ReadLine] [行数:  56]   操作：配置文件的一行数据大小超过预设大小!
[2016-11-12 02:12:08]  [文件:     fileOper.c]  [函数:            ReadLine] [行数:  56]   操作：配置文件的一行数据大小超过预设大小!
[2016-11-12 02:12:08]  [文件:     fileOper.c]  [函数:            ReadLine] [行数:  56]   操作：配置文件的一行数据大小超过预设大小!
[2016-11-12 02:12:08]  [文件:     fileOper.c]  [函数:            ReadLine] [行数:  56]   操作：配置文件的一行数据大小超过预设大小!
[2016-11-12 02:12:08]  [文件:     fileOper.c]  [函数:            ReadLine] [行数:  56]   操作：配置文件的一行数据大小超过预设大小!
[2016-11-12 02:12:08]  [文件:     fileOper.c]  [函数:            ReadLine] [行数:  56]   操作：配置文件的一行数据大小超过预设大小!
[2016-11-12 02:12:08]  [文件:     fileOper.c]  [函数:            ReadLine] [行数:  56]   操作：配置文件的一行数据大小超过预设大小!
[2016-11-12 02:12:08]  [文件:     fileOper.c]  [函数:            ReadLine] [行数:  56]   操作：配置文件的一行数据大小超过预设大小!
[2016-11-12 02:12:08]  [文件:     fileOper.c]  [函数:            ReadLine] [行数:  56]   操作：配置文件的一行数据大小超过预设大小!
[2016-11-12 02:12:08]  [文件:     fileOper.c]  [函数:            ReadLine] [行数:  56]   操作：配置文件的一行数据大小超过预设大小!
[2016-11-12 02:12:08]  [文件:     fileOper.c]  [函数:            ReadLine] [行数:  56]   操作：配置文件的一行数据大小超过预设大小!
[2016-11-12 02:19:58]  [文件:      dirOper.c]  [函数:      FindFileByType] [行数: 104]   操作：配置文件个数超过预设的最大值!
[2016-11-12 02:19:58]  [文件:      dirOper.c]  [函数:      FindFileByType] [行数: 104]   操作：配置文件个数超过预设的最大值!
[2016-11-12 02:19:58]  [文件:     fileOper.c]  [函数:            ReadLine] [行数:  56]   操作：配置文件的一行数据大小超过预设大小!
[2016-11-12 02:19:58]  [文件:     fileOper.c]  [函数:            ReadLine] [行数:  56]   操作：配置文件的一行数据大小超过预设大小!
[2016-11-12 02:19:58]  [文件:     fileOper.c]  [函数:            ReadLine] [行数:  56]   操作：配置文件的一行数据大小超过预设大小!
[2016-11-12 02:19:58]  [文件:     fileOper.c]  [函数:            ReadLine] [行数:  56]   操作：配置文件的一行数据大小超过预设大小!
[2016-11-12 02:19:58]  [文件:     fileOper.c]  [函数:            ReadLine] [行数:  56]   操作：配置文件的一行数据大小超过预设大小!
[2016-11-12 02:19:58]  [文件:     fileOper.c]  [函数:            ReadLine] [行数:  56]   操作：配置文件的一行数据大小超过预设大小!
[2016-11-12 02:19:58]  [文件:     fileOper.c]  [函数:            ReadLine] [行数:  56]   操作：配置文件的一行数据大小超过预设大小!
[2016-11-12 02:19:58]  [文件:     fileOper.c]  [函数:            ReadLine] [行数:  56]   操作：配置文件的一行数据大小超过预设大小!
[2016-11-12 02:19:58]  [文件:     fileOper.c]  [函数:            ReadLine] [行数:  56]   操作：配置文件的一行数据大小超过预设大小!
[2016-11-12 02:19:58]  [文件:     fileOper.c]  [函数:            ReadLine] [行数:  56]   操作：配置文件的一行数据大小超过预设大小!
[2016-11-12 02:19:58]  [文件:     fileOper.c]  [函数:            ReadLine] [行数:  56]   操作：配置文件的一行数据大小超过预设大小!
[2016-11-12 02:19:58]  [文件:     fileOper.c]  [函数:            ReadLine] [行数:  56]   操作：配置文件的一行数据大小超过预设大小!
[2016-11-12 02:19:58]  [文件:     fileOper.c]  [函数:            ReadLine] [行数:  56]   操作：配置文件的一行数据大小超过预设大小!
[2016-11-12 02:19:58]  [文件:     fileOper.c]  [函数:            ReadLine] [行数:  56]   操作：配置文件的一行数据大小超过预设大小!
[2016-11-12 02:19:58]  [文件:     fileOper.c]  [函数:            ReadLine] [行数:  56]   操作：配置文件的一行数据大小超过预设大小!
[2016-11-12 02:19:58]  [文件:     fileOper.c]  [函数:            ReadLine] [行数:  56]   操作：配置文件的一行数据大小超过预设大小!
[2016-11-12 02:19:58]  [文件:     fileOper.c]  [函数:            ReadLine] [行数:  56]   操作：配置文件的一行数据大小超过预设大小!
[2016-11-12 02:19:58]  [文件:     fileOper.c]  [函数:            ReadLine] [行数:  56]   操作：配置文件的一行数据大小超过预设大小!
[2016-11-12 02:19:58]  [文件:     fileOper.c]  [函数:            ReadLine] [行数:  56]   操作：配置文件的一行数据大小超过预设大小!
[2016-11-12 02:19:58]  [文件:     fileOper.c]  [函数:            ReadLine] [行数:  56]   操作：配置文件的一行数据大小超过预设大小!
[2016-11-12 02:19:58]  [文件:     fileOper.c]  [函数:            ReadLine] [行数:  56]   操作：配置文件的一行数据大小超过预设大小!
[2016-11-12 02:19:58]  [文件:     fileOper.c]  [函数:            ReadLine] [行数:  56]   操作：配置文件的一行数据大小超过预设大小!
[2016-11-12 02:19:58]  [文件:     fileOper.c]  [函数:            ReadLine] [行数:  56]   操作：配置文件的一行数据大小超过预设大小!
[2016-11-12 02:19:58]  [文件:     fileOper.c]  [函数:            ReadLine] [行数:  56]   操作：配置文件的一行数据大小超过预设大小!
[2016-11-12 02:19:58]  [文件:     fileOper.c]  [函数:            ReadLine] [行数:  56]   操作：配置文件的一行数据大小超过预设大小!
[2016-11-12 02:19:58]  [文件:     fileOper.c]  [函数:            ReadLine] [行数:  56]   操作：配置文件的一行数据大小超过预设大小!
[2016-11-12 02:19:58]  [文件:     fileOper.c]  [函数:            ReadLine] [行数:  56]   操作：配置文件的一行数据大小超过预设大小!
[2016-11-12 02:19:58]  [文件:     fileOper.c]  [函数:            ReadLine] [行数:  56]   操作：配置文件的一行数据大小超过预设大小!
[2016-11-12 02:19:58]  [文件:     fileOper.c]  [函数:            ReadLine] [行数:  56]   操作：配置文件的一行数据大小超过预设大小!
[2016-11-12 02:19:58]  [文件:     fileOper.c]  [函数:            ReadLine] [行数:  56]   操作：配置文件的一行数据大小超过预设大小!
[2016-11-12 02:19:58]  [文件:     fileOper.c]  [函数:            ReadLine] [行数:  56]   操作：配置文件的一行数据大小超过预设大小!
[2016-11-12 02:19:58]  [文件:     fileOper.c]  [函数:            ReadLine] [行数:  56]   操作：配置文件的一行数据大小超过预设大小!
[2016-11-12 02:19:58]  [文件:     fileOper.c]  [函数:            ReadLine] [行数:  56]   操作：配置文件的一行数据大小超过预设大小!
[2016-11-12 02:19:58]  [文件:     fileOper.c]  [函数:            ReadLine] [行数:  56]   操作：配置文件的一行数据大小超过预设大小!
[2016-11-12 02:19:58]  [文件:     fileOper.c]  [函数:            ReadLine] [行数:  56]   操作：配置文件的一行数据大小超过预设大小!
[2016-11-12 02:19:58]  [文件:     fileOper.c]  [函数:            ReadLine] [行数:  56]   操作：配置文件的一行数据大小超过预设大小!
[2016-11-12 02:19:58]  [文件:     fileOper.c]  [函数:            ReadLine] [行数:  56]   操作：配置文件的一行数据大小超过预设大小!
[2016-11-12 02:20:20]  [文件:      dirOper.c]  [函数:      FindFileByType] [行数: 104]   操作：配置文件个数超过预设的最大值!
[2016-11-12 02:20:20]  [文件:      dirOper.c]  [函数:      FindFileByType] [行数: 104]   操作：配置文件个数超过预设的最大值!
[2016-11-12 02:20:20]  [文件:     fileOper.c]  [函数:            ReadLine] [行数:  56]   操作：配置文件的一行数据大小超过预设大小!
[2016-11-12 02:20:20]  [文件:     fileOper.c]  [函数:            ReadLine] [行数:  56]   操作：配置文件的一行数据大小超过预设大小!
[2016-11-12 02:20:20]  [文件:     fileOper.c]  [函数:            ReadLine] [行数:  56]   操作：配置文件的一行数据大小超过预设大小!
[2016-11-12 02:20:20]  [文件:     fileOper.c]  [函数:            ReadLine] [行数:  56]   操作：配置文件的一行数据大小超过预设大小!
[2016-11-12 02:20:20]  [文件:     fileOper.c]  [函数:            ReadLine] [行数:  56]   操作：配置文件的一行数据大小超过预设大小!
[2016-11-12 02:20:20]  [文件:     fileOper.c]  [函数:            ReadLine] [行数:  56]   操作：配置文件的一行数据大小超过预设大小!
[2016-11-12 02:20:20]  [文件:     fileOper.c]  [函数:            ReadLine] [行数:  56]   操作：配置文件的一行数据大小超过预设大小!
[2016-11-12 02:20:20]  [文件:     fileOper.c]  [函数:            ReadLine] [行数:  56]   操作：配置文件的一行数据大小超过预设大小!
[2016-11-12 02:20:20]  [文件:     fileOper.c]  [函数:            ReadLine] [行数:  56]   操作：配置文件的一行数据大小超过预设大小!
[2016-11-12 02:20:20]  [文件:     fileOper.c]  [函数:            ReadLine] [行数:  56]   操作：配置文件的一行数据大小超过预设大小!
[2016-11-12 02:20:20]  [文件:     fileOper.c]  [函数:            ReadLine] [行数:  56]   操作：配置文件的一行数据大小超过预设大小!
[2016-11-12 02:20:20]  [文件:     fileOper.c]  [函数:            ReadLine] [行数:  56]   操作：配置文件的一行数据大小超过预设大小!
[2016-11-12 02:20:20]  [文件:     fileOper.c]  [函数:            ReadLine] [行数:  56]   操作：配置文件的一行数据大小超过预设大小!
[2016-11-12 02:20:20]  [文件:     fileOper.c]  [函数:            ReadLine] [行数:  56]   操作：配置文件的一行数据大小超过预设大小!
[2016-11-12 02:20:20]  [文件:     fileOper.c]  [函数:            ReadLine] [行数:  56]   操作：配置文件的一行数据大小超过预设大小!
[2016-11-12 02:20:20]  [文件:     fileOper.c]  [函数:            ReadLine] [行数:  56]   操作：配置文件的一行数据大小超过预设大小!
[2016-11-12 02:20:20]  [文件:     fileOper.c]  [函数:            ReadLine] [行数:  56]   操作：配置文件的一行数据大小超过预设大小!
[2016-11-12 02:20:20]  [文件:     fileOper.c]  [函数:            ReadLine] [行数:  56]   操作：配置文件的一行数据大小超过预设大小!
[2016-11-12 02:20:20]  [文件:     fileOper.c]  [函数:            ReadLine] [行数:  56]   操作：配置文件的一行数据大小超过预设大小!
[2016-11-12 02:20:20]  [文件:     fileOper.c]  [函数:            ReadLine] [行数:  56]   操作：配置文件的一行数据大小超过预设大小!
[2016-11-12 02:20:20]  [文件:     fileOper.c]  [函数:            ReadLine] [行数:  56]   操作：配置文件的一行数据大小超过预设大小!
[2016-11-12 02:20:20]  [文件:     fileOper.c]  [函数:            ReadLine] [行数:  56]   操作：配置文件的一行数据大小超过预设大小!
[2016-11-12 02:20:20]  [文件:     fileOper.c]  [函数:            ReadLine] [行数:  56]   操作：配置文件的一行数据大小超过预设大小!
[2016-11-12 02:20:20]  [文件:     fileOper.c]  [函数:            ReadLine] [行数:  56]   操作：配置文件的一行数据大小超过预设大小!
[2016-11-12 02:20:20]  [文件:     fileOper.c]  [函数:            ReadLine] [行数:  56]   操作：配置文件的一行数据大小超过预设大小!
[2016-11-12 02:20:20]  [文件:     fileOper.c]  [函数:            ReadLine] [行数:  56]   操作：配置文件的一行数据大小超过预设大小!
[2016-11-12 02:20:20]  [文件:     fileOper.c]  [函数:            ReadLine] [行数:  56]   操作：配置文件的一行数据大小超过预设大小!
[2016-11-12 02:20:20]  [文件:     fileOper.c]  [函数:            ReadLine] [行数:  56]   操作：配置文件的一行数据大小超过预设大小!
[2016-11-12 02:20:20]  [文件:     fileOper.c]  [函数:            ReadLine] [行数:  56]   操作：配置文件的一行数据大小超过预设大小!
[2016-11-12 02:20:20]  [文件:     fileOper.c]  [函数:            ReadLine] [行数:  56]   操作：配置文件的一行数据大小超过预设大小!
[2016-11-12 02:20:20]  [文件:     fileOper.c]  [函数:            ReadLine] [行数:  56]   操作：配置文件的一行数据大小超过预设大小!
[2016-11-12 02:20:20]  [文件:     fileOper.c]  [函数:            ReadLine] [行数:  56]   操作：配置文件的一行数据大小超过预设大小!
[2016-11-12 02:20:20]  [文件:     fileOper.c]  [函数:            ReadLine] [行数:  56]   操作：配置文件的一行数据大小超过预设大小!
[2016-11-12 02:20:20]  [文件:     fileOper.c]  [函数:            ReadLine] [行数:  56]   操作：配置文件的一行数据大小超过预设大小!
[2016-11-12 02:20:20]  [文件:     fileOper.c]  [函数:            ReadLine] [行数:  56]   操作：配置文件的一行数据大小超过预设大小!
[2016-11-12 02:20:20]  [文件:     fileOper.c]  [函数:            ReadLine] [行数:  56]   操作：配置文件的一行数据大小超过预设大小!
[2016-11-12 02:20:20]  [文件:     fileOper.c]  [函数:            ReadLine] [行数:  56]   操作：配置文件的一行数据大小超过预设大小!
[2016-11-12 02:29:23]  [文件:      dirOper.c]  [函数:      FindFileByType] [行数: 104]   操作：配置文件个数超过预设的最大值!
[2016-11-12 02:29:23]  [文件:      dirOper.c]  [函数:      FindFileByType] [行数: 104]   操作：配置文件个数超过预设的最大值!
[2016-11-12 02:29:23]  [文件:     fileOper.c]  [函数:            ReadLine] [行数:  56]   操作：配置文件的一行数据大小超过预设大小!
[2016-11-12 02:29:23]  [文件:     fileOper.c]  [函数:            ReadLine] [行数:  56]   操作：配置文件的一行数据大小超过预设大小!
[2016-11-12 02:29:23]  [文件:     fileOper.c]  [函数:            ReadLine] [行数:  56]   操作：配置文件的一行数据大小超过预设大小!
[2016-11-12 02:29:23]  [文件:     fileOper.c]  [函数:            ReadLine] [行数:  56]   操作：配置文件的一行数据大小超过预设大小!
[2016-11-12 02:29:23]  [文件:     fileOper.c]  [函数:            ReadLine] [行数:  56]   操作：配置文件的一行数据大小超过预设大小!
[2016-11-12 02:29:23]  [文件:     fileOper.c]  [函数:            ReadLine] [行数:  56]   操作：配置文件的一行数据大小超过预设大小!
[2016-11-12 02:29:23]  [文件:     fileOper.c]  [函数:            ReadLine] [行数:  56]   操作：配置文件的一行数据大小超过预设大小!
[2016-11-12 02:29:23]  [文件:     fileOper.c]  [函数:            ReadLine] [行数:  56]   操作：配置文件的一行数据大小超过预设大小!
[2016-11-12 02:29:23]  [文件:     fileOper.c]  [函数:            ReadLine] [行数:  56]   操作：配置文件的一行数据大小超过预设大小!
[2016-11-12 02:29:23]  [文件:     fileOper.c]  [函数:            ReadLine] [行数:  56]   操作：配置文件的一行数据大小超过预设大小!
[2016-11-12 02:29:23]  [文件:     fileOper.c]  [函数:            ReadLine] [行数:  56]   操作：配置文件的一行数据大小超过预设大小!
[2016-11-12 02:29:23]  [文件:     fileOper.c]  [函数:            ReadLine] [行数:  56]   操作：配置文件的一行数据大小超过预设大小!
[2016-11-12 02:29:23]  [文件:     fileOper.c]  [函数:            ReadLine] [行数:  56]   操作：配置文件的一行数据大小超过预设大小!
[2016-11-12 02:29:23]  [文件:     fileOper.c]  [函数:            ReadLine] [行数:  56]   操作：配置文件的一行数据大小超过预设大小!
[2016-11-12 02:29:23]  [文件:     fileOper.c]  [函数:            ReadLine] [行数:  56]   操作：配置文件的一行数据大小超过预设大小!
[2016-11-12 02:29:23]  [文件:     fileOper.c]  [函数:            ReadLine] [行数:  56]   操作：配置文件的一行数据大小超过预设大小!
[2016-11-12 02:29:23]  [文件:     fileOper.c]  [函数:            ReadLine] [行数:  56]   操作：配置文件的一行数据大小超过预设大小!
[2016-11-12 02:29:23]  [文件:     fileOper.c]  [函数:            ReadLine] [行数:  56]   操作：配置文件的一行数据大小超过预设大小!
[2016-11-12 02:29:23]  [文件:     fileOper.c]  [函数:            ReadLine] [行数:  56]   操作：配置文件的一行数据大小超过预设大小!
[2016-11-12 02:29:23]  [文件:     fileOper.c]  [函数:            ReadLine] [行数:  56]   操作：配置文件的一行数据大小超过预设大小!
[2016-11-12 02:29:23]  [文件:     fileOper.c]  [函数:            ReadLine] [行数:  56]   操作：配置文件的一行数据大小超过预设大小!
[2016-11-12 02:29:23]  [文件:     fileOper.c]  [函数:            ReadLine] [行数:  56]   操作：配置文件的一行数据大小超过预设大小!
[2016-11-12 02:29:23]  [文件:     fileOper.c]  [函数:            ReadLine] [行数:  56]   操作：配置文件的一行数据大小超过预设大小!
[2016-11-12 02:29:23]  [文件:     fileOper.c]  [函数:            ReadLine] [行数:  56]   操作：配置文件的一行数据大小超过预设大小!
[2016-11-12 02:29:23]  [文件:     fileOper.c]  [函数:            ReadLine] [行数:  56]   操作：配置文件的一行数据大小超过预设大小!
[2016-11-12 02:29:23]  [文件:     fileOper.c]  [函数:            ReadLine] [行数:  56]   操作：配置文件的一行数据大小超过预设大小!
[2016-11-12 02:29:23]  [文件:     fileOper.c]  [函数:            ReadLine] [行数:  56]   操作：配置文件的一行数据大小超过预设大小!
[2016-11-12 02:29:23]  [文件:     fileOper.c]  [函数:            ReadLine] [行数:  56]   操作：配置文件的一行数据大小超过预设大小!
[2016-11-12 02:29:23]  [文件:     fileOper.c]  [函数:            ReadLine] [行数:  56]   操作：配置文件的一行数据大小超过预设大小!
[2016-11-12 02:29:23]  [文件:     fileOper.c]  [函数:            ReadLine] [行数:  56]   操作：配置文件的一行数据大小超过预设大小!
[2016-11-12 02:29:23]  [文件:     fileOper.c]  [函数:            ReadLine] [行数:  56]   操作：配置文件的一行数据大小超过预设大小!
[2016-11-12 02:29:23]  [文件:     fileOper.c]  [函数:            ReadLine] [行数:  56]   操作：配置文件的一行数据大小超过预设大小!
[2016-11-12 02:29:23]  [文件:     fileOper.c]  [函数:            ReadLine] [行数:  56]   操作：配置文件的一行数据大小超过预设大小!
[2016-11-12 02:29:23]  [文件:     fileOper.c]  [函数:            ReadLine] [行数:  56]   操作：配置文件的一行数据大小超过预设大小!
[2016-11-12 02:29:23]  [文件:     fileOper.c]  [函数:            ReadLine] [行数:  56]   操作：配置文件的一行数据大小超过预设大小!
[2016-11-12 02:29:23]  [文件:     fileOper.c]  [函数:            ReadLine] [行数:  56]   操作：配置文件的一行数据大小超过预设大小!
[2016-11-12 02:29:23]  [文件:     fileOper.c]  [函数:            ReadLine] [行数:  56]   操作：配置文件的一行数据大小超过预设大小!
[2016-11-12 02:30:41]  [文件:      dirOper.c]  [函数:      FindFileByType] [行数: 104]   操作：配置文件个数超过预设的最大值!
[2016-11-12 02:30:41]  [文件:      dirOper.c]  [函数:      FindFileByType] [行数: 104]   操作：配置文件个数超过预设的最大值!
[2016-11-12 02:30:41]  [文件:     fileOper.c]  [函数:            ReadLine] [行数:  57]   操作：配置文件的一行数据大小超过预设大小!
[2016-11-12 02:30:41]  [文件:     fileOper.c]  [函数:            ReadLine] [行数:  57]   操作：配置文件的一行数据大小超过预设大小!
[2016-11-12 02:30:41]  [文件:     fileOper.c]  [函数:            ReadLine] [行数:  57]   操作：配置文件的一行数据大小超过预设大小!
[2016-11-12 02:30:41]  [文件:     fileOper.c]  [函数:            ReadLine] [行数:  57]   操作：配置文件的一行数据大小超过预设大小!
[2016-11-12 02:30:41]  [文件:     fileOper.c]  [函数:            ReadLine] [行数:  57]   操作：配置文件的一行数据大小超过预设大小!
[2016-11-12 02:30:41]  [文件:     fileOper.c]  [函数:            ReadLine] [行数:  57]   操作：配置文件的一行数据大小超过预设大小!
[2016-11-12 02:30:41]  [文件:     fileOper.c]  [函数:            ReadLine] [行数:  57]   操作：配置文件的一行数据大小超过预设大小!
[2016-11-12 02:30:41]  [文件:     fileOper.c]  [函数:            ReadLine] [行数:  57]   操作：配置文件的一行数据大小超过预设大小!
[2016-11-12 02:30:41]  [文件:     fileOper.c]  [函数:            ReadLine] [行数:  57]   操作：配置文件的一行数据大小超过预设大小!
[2016-11-12 02:30:41]  [文件:     fileOper.c]  [函数:            ReadLine] [行数:  57]   操作：配置文件的一行数据大小超过预设大小!
[2016-11-12 02:30:41]  [文件:     fileOper.c]  [函数:            ReadLine] [行数:  57]   操作：配置文件的一行数据大小超过预设大小!
[2016-11-12 02:30:41]  [文件:     fileOper.c]  [函数:            ReadLine] [行数:  57]   操作：配置文件的一行数据大小超过预设大小!
[2016-11-12 02:30:41]  [文件:     fileOper.c]  [函数:            ReadLine] [行数:  57]   操作：配置文件的一行数据大小超过预设大小!
[2016-11-12 02:30:41]  [文件:     fileOper.c]  [函数:            ReadLine] [行数:  57]   操作：配置文件的一行数据大小超过预设大小!
[2016-11-12 02:30:41]  [文件:     fileOper.c]  [函数:            ReadLine] [行数:  57]   操作：配置文件的一行数据大小超过预设大小!
[2016-11-12 02:30:41]  [文件:     fileOper.c]  [函数:            ReadLine] [行数:  57]   操作：配置文件的一行数据大小超过预设大小!
[2016-11-12 02:30:41]  [文件:     fileOper.c]  [函数:            ReadLine] [行数:  57]   操作：配置文件的一行数据大小超过预设大小!
[2016-11-12 02:30:41]  [文件:     fileOper.c]  [函数:            ReadLine] [行数:  57]   操作：配置文件的一行数据大小超过预设大小!
[2016-11-12 02:30:41]  [文件:     fileOper.c]  [函数:            ReadLine] [行数:  57]   操作：配置文件的一行数据大小超过预设大小!
[2016-11-12 02:30:41]  [文件:     fileOper.c]  [函数:            ReadLine] [行数:  57]   操作：配置文件的一行数据大小超过预设大小!
[2016-11-12 02:30:41]  [文件:     fileOper.c]  [函数:            ReadLine] [行数:  57]   操作：配置文件的一行数据大小超过预设大小!
[2016-11-12 02:30:41]  [文件:     fileOper.c]  [函数:            ReadLine] [行数:  57]   操作：配置文件的一行数据大小超过预设大小!
[2016-11-12 02:30:41]  [文件:     fileOper.c]  [函数:            ReadLine] [行数:  57]   操作：配置文件的一行数据大小超过预设大小!
[2016-11-12 02:30:41]  [文件:     fileOper.c]  [函数:            ReadLine] [行数:  57]   操作：配置文件的一行数据大小超过预设大小!
[2016-11-12 02:30:41]  [文件:     fileOper.c]  [函数:            ReadLine] [行数:  57]   操作：配置文件的一行数据大小超过预设大小!
[2016-11-12 02:30:41]  [文件:     fileOper.c]  [函数:            ReadLine] [行数:  57]   操作：配置文件的一行数据大小超过预设大小!
[2016-11-12 02:30:41]  [文件:     fileOper.c]  [函数:            ReadLine] [行数:  57]   操作：配置文件的一行数据大小超过预设大小!
[2016-11-12 02:30:41]  [文件:     fileOper.c]  [函数:            ReadLine] [行数:  57]   操作：配置文件的一行数据大小超过预设大小!
[2016-11-12 02:30:41]  [文件:     fileOper.c]  [函数:            ReadLine] [行数:  57]   操作：配置文件的一行数据大小超过预设大小!
[2016-11-12 02:30:41]  [文件:     fileOper.c]  [函数:            ReadLine] [行数:  57]   操作：配置文件的一行数据大小超过预设大小!
[2016-11-12 02:30:41]  [文件:     fileOper.c]  [函数:            ReadLine] [行数:  57]   操作：配置文件的一行数据大小超过预设大小!
[2016-11-12 02:30:41]  [文件:     fileOper.c]  [函数:            ReadLine] [行数:  57]   操作：配置文件的一行数据大小超过预设大小!
[2016-11-12 02:30:41]  [文件:     fileOper.c]  [函数:            ReadLine] [行数:  57]   操作：配置文件的一行数据大小超过预设大小!
[2016-11-12 02:30:41]  [文件:     fileOper.c]  [函数:            ReadLine] [行数:  57]   操作：配置文件的一行数据大小超过预设大小!
[2016-11-12 02:30:41]  [文件:     fileOper.c]  [函数:            ReadLine] [行数:  57]   操作：配置文件的一行数据大小超过预设大小!
[2016-11-12 02:30:41]  [文件:     fileOper.c]  [函数:            ReadLine] [行数:  57]   操作：配置文件的一行数据大小超过预设大小!
[2016-11-12 02:30:41]  [文件:     fileOper.c]  [函数:            ReadLine] [行数:  57]   操作：配置文件的一行数据大小超过预设大小!
[2016-11-12 02:31:32]  [文件:      dirOper.c]  [函数:      FindFileByType] [行数: 104]   操作：配置文件个数超过预设的最大值!
[2016-11-12 02:31:32]  [文件:      dirOper.c]  [函数:      FindFileByType] [行数: 104]   操作：配置文件个数超过预设的最大值!
[2016-11-12 02:31:32]  [文件:     fileOper.c]  [函数:            ReadLine] [行数:  57]   操作：配置文件的一行数据大小超过预设大小!
[2016-11-12 02:31:32]  [文件:     fileOper.c]  [函数:            ReadLine] [行数:  57]   操作：配置文件的一行数据大小超过预设大小!
[2016-11-12 02:31:32]  [文件:     fileOper.c]  [函数:            ReadLine] [行数:  57]   操作：配置文件的一行数据大小超过预设大小!
[2016-11-12 02:31:32]  [文件:     fileOper.c]  [函数:            ReadLine] [行数:  57]   操作：配置文件的一行数据大小超过预设大小!
[2016-11-12 02:31:32]  [文件:     fileOper.c]  [函数:            ReadLine] [行数:  57]   操作：配置文件的一行数据大小超过预设大小!
[2016-11-12 02:31:32]  [文件:     fileOper.c]  [函数:            ReadLine] [行数:  57]   操作：配置文件的一行数据大小超过预设大小!
[2016-11-12 02:31:32]  [文件:     fileOper.c]  [函数:            ReadLine] [行数:  57]   操作：配置文件的一行数据大小超过预设大小!
[2016-11-12 02:31:32]  [文件:     fileOper.c]  [函数:            ReadLine] [行数:  57]   操作：配置文件的一行数据大小超过预设大小!
[2016-11-12 02:31:32]  [文件:     fileOper.c]  [函数:            ReadLine] [行数:  57]   操作：配置文件的一行数据大小超过预设大小!
[2016-11-12 02:31:32]  [文件:     fileOper.c]  [函数:            ReadLine] [行数:  57]   操作：配置文件的一行数据大小超过预设大小!
[2016-11-12 02:31:32]  [文件:     fileOper.c]  [函数:            ReadLine] [行数:  57]   操作：配置文件的一行数据大小超过预设大小!
[2016-11-12 02:31:32]  [文件:     fileOper.c]  [函数:            ReadLine] [行数:  57]   操作：配置文件的一行数据大小超过预设大小!
[2016-11-12 02:31:32]  [文件:     fileOper.c]  [函数:            ReadLine] [行数:  57]   操作：配置文件的一行数据大小超过预设大小!
[2016-11-12 02:31:32]  [文件:     fileOper.c]  [函数:            ReadLine] [行数:  57]   操作：配置文件的一行数据大小超过预设大小!
[2016-11-12 02:31:32]  [文件:     fileOper.c]  [函数:            ReadLine] [行数:  57]   操作：配置文件的一行数据大小超过预设大小!
[2016-11-12 02:31:32]  [文件:     fileOper.c]  [函数:            ReadLine] [行数:  57]   操作：配置文件的一行数据大小超过预设大小!
[2016-11-12 02:31:32]  [文件:     fileOper.c]  [函数:            ReadLine] [行数:  57]   操作：配置文件的一行数据大小超过预设大小!
[2016-11-12 02:31:32]  [文件:     fileOper.c]  [函数:            ReadLine] [行数:  57]   操作：配置文件的一行数据大小超过预设大小!
[2016-11-12 02:31:32]  [文件:     fileOper.c]  [函数:            ReadLine] [行数:  57]   操作：配置文件的一行数据大小超过预设大小!
[2016-11-12 02:31:32]  [文件:     fileOper.c]  [函数:            ReadLine] [行数:  57]   操作：配置文件的一行数据大小超过预设大小!
[2016-11-12 02:31:32]  [文件:     fileOper.c]  [函数:            ReadLine] [行数:  57]   操作：配置文件的一行数据大小超过预设大小!
[2016-11-12 02:31:32]  [文件:     fileOper.c]  [函数:            ReadLine] [行数:  57]   操作：配置文件的一行数据大小超过预设大小!
[2016-11-12 02:31:32]  [文件:     fileOper.c]  [函数:            ReadLine] [行数:  57]   操作：配置文件的一行数据大小超过预设大小!
[2016-11-12 02:31:32]  [文件:     fileOper.c]  [函数:            ReadLine] [行数:  57]   操作：配置文件的一行数据大小超过预设大小!
[2016-11-12 02:31:32]  [文件:     fileOper.c]  [函数:            ReadLine] [行数:  57]   操作：配置文件的一行数据大小超过预设大小!
[2016-11-12 02:31:32]  [文件:     fileOper.c]  [函数:            ReadLine] [行数:  57]   操作：配置文件的一行数据大小超过预设大小!
[2016-11-12 02:31:32]  [文件:     fileOper.c]  [函数:            ReadLine] [行数:  57]   操作：配置文件的一行数据大小超过预设大小!
[2016-11-12 02:31:32]  [文件:     fileOper.c]  [函数:            ReadLine] [行数:  57]   操作：配置文件的一行数据大小超过预设大小!
[2016-11-12 02:31:32]  [文件:     fileOper.c]  [函数:            ReadLine] [行数:  57]   操作：配置文件的一行数据大小超过预设大小!
[2016-11-12 02:31:32]  [文件:     fileOper.c]  [函数:            ReadLine] [行数:  57]   操作：配置文件的一行数据大小超过预设大小!
[2016-11-12 02:31:32]  [文件:     fileOper.c]  [函数:            ReadLine] [行数:  57]   操作：配置文件的一行数据大小超过预设大小!
[2016-11-12 02:31:32]  [文件:     fileOper.c]  [函数:            ReadLine] [行数:  57]   操作：配置文件的一行数据大小超过预设大小!
[2016-11-12 02:31:32]  [文件:     fileOper.c]  [函数:            ReadLine] [行数:  57]   操作：配置文件的一行数据大小超过预设大小!
[2016-11-12 02:31:32]  [文件:     fileOper.c]  [函数:            ReadLine] [行数:  57]   操作：配置文件的一行数据大小超过预设大小!
[2016-11-12 02:31:32]  [文件:     fileOper.c]  [函数:            ReadLine] [行数:  57]   操作：配置文件的一行数据大小超过预设大小!
[2016-11-12 02:31:32]  [文件:     fileOper.c]  [函数:            ReadLine] [行数:  57]   操作：配置文件的一行数据大小超过预设大小!
[2016-11-12 02:31:32]  [文件:     fileOper.c]  [函数:            ReadLine] [行数:  57]   操作：配置文件的一行数据大小超过预设大小!
[2016-11-12 02:32:21]  [文件:      dirOper.c]  [函数:      FindFileByType] [行数: 104]   操作：配置文件个数超过预设的最大值!
[2016-11-12 02:32:21]  [文件:      dirOper.c]  [函数:      FindFileByType] [行数: 104]   操作：配置文件个数超过预设的最大值!
[2016-11-12 02:33:05]  [文件:      dirOper.c]  [函数:      FindFileByType] [行数: 104]   操作：配置文件个数超过预设的最大值!
[2016-11-12 02:33:05]  [文件:      dirOper.c]  [函数:      FindFileByType] [行数: 104]   操作：配置文件个数超过预设的最大值!
[2016-11-12 02:38:53]  [文件:      dirOper.c]  [函数:      FindFileByType] [行数: 104]   操作：配置文件个数超过预设的最大值!
[2016-11-12 02:38:53]  [文件:      dirOper.c]  [函数:      FindFileByType] [行数: 104]   操作：配置文件个数超过预设的最大值!
